<?xml version="1.0" encoding="UTF-8"?>
<!-- Generated by org.testng.reporters.JUnitReportReporter -->
<testsuite hostname="DESKTOP-GJG41J3" failures="0" tests="1" name="com.TestCases.TestCase1" time="180.516" errors="0" timestamp="2024-12-14T10:03:17 IST" skipped="0">
  <testcase classname="com.TestCases.TestCase1" name="mvnDataParameterCheck" time="180.516"/>
  <system-out/>
</testsuite> <!-- com.TestCases.TestCase1 -->
