<?xml version="1.0" encoding="UTF-8"?>
<!-- Generated by org.testng.reporters.JUnitReportReporter -->
<testsuite hostname="DESKTOP-GJG41J3" failures="0" tests="3" name="com.TestCases.TestCase1" time="98.557" errors="0" timestamp="14 Dec 2024 03:14:15 GMT">
  <testcase classname="com.TestCases.TestCase1" name="validateHomePage" time="30.318"/>
  <testcase classname="com.TestCases.TestCase1" name="testCaseLink" time="35.369"/>
  <testcase classname="com.TestCases.TestCase1" name="mvnDataParameterCheck" time="32.870"/>
</testsuite> <!-- com.TestCases.TestCase1 -->
