<?xml version="1.0" encoding="UTF-8"?>
<!-- Generated by org.testng.reporters.JUnitReportReporter -->
<testsuite hostname="DESKTOP-GJG41J3" failures="0" tests="1" name="com.TestCases.TestCase1" time="33.796" errors="0" timestamp="14 Dec 2024 09:41:48 GMT">
  <testcase classname="com.TestCases.TestCase1" name="mvnDataParameterCheck" time="33.796"/>
</testsuite> <!-- com.TestCases.TestCase1 -->
